[2025-03-08 03:03:10] local.ERROR: SQLSTATE[HY000] [2002] No connection could be made because the target machine actively refused it (Connection: mysql, SQL: select exists (select 1 from information_schema.tables where table_schema = schema() and table_name = 'migrations' and table_type in ('BASE TABLE', 'SYSTEM VERSIONED')) as `exists`) {"exception":"[object] (Illuminate\\Database\\QueryException(code: 2002): SQLSTATE[HY000] [2002] No connection could be made because the target machine actively refused it (Connection: mysql, SQL: select exists (select 1 from information_schema.tables where table_schema = schema() and table_name = 'migrations' and table_type in ('BASE TABLE', 'SYSTEM VERSIONED')) as `exists`) at C:\\xampp\\htdocs\\dev_hub\\lrvl-be\\vendor\\laravel\\framework\\src\\Illuminate\\Database\\Connection.php:823)
[stacktrace]
#0 C:\\xampp\\htdocs\\dev_hub\\lrvl-be\\vendor\\laravel\\framework\\src\\Illuminate\\Database\\Connection.php(977): Illuminate\\Database\\Connection->runQueryCallback()
#1 C:\\xampp\\htdocs\\dev_hub\\lrvl-be\\vendor\\laravel\\framework\\src\\Illuminate\\Database\\Connection.php(956): Illuminate\\Database\\Connection->tryAgainIfCausedByLostConnection()
#2 C:\\xampp\\htdocs\\dev_hub\\lrvl-be\\vendor\\laravel\\framework\\src\\Illuminate\\Database\\Connection.php(779): Illuminate\\Database\\Connection->handleQueryException()
#3 C:\\xampp\\htdocs\\dev_hub\\lrvl-be\\vendor\\laravel\\framework\\src\\Illuminate\\Database\\Connection.php(396): Illuminate\\Database\\Connection->run()
#4 C:\\xampp\\htdocs\\dev_hub\\lrvl-be\\vendor\\laravel\\framework\\src\\Illuminate\\Database\\Connection.php(342): Illuminate\\Database\\Connection->select()
#5 C:\\xampp\\htdocs\\dev_hub\\lrvl-be\\vendor\\laravel\\framework\\src\\Illuminate\\Database\\Connection.php(359): Illuminate\\Database\\Connection->selectOne()
#6 C:\\xampp\\htdocs\\dev_hub\\lrvl-be\\vendor\\laravel\\framework\\src\\Illuminate\\Database\\Schema\\Builder.php(175): Illuminate\\Database\\Connection->scalar()
#7 C:\\xampp\\htdocs\\dev_hub\\lrvl-be\\vendor\\laravel\\framework\\src\\Illuminate\\Database\\Migrations\\DatabaseMigrationRepository.php(184): Illuminate\\Database\\Schema\\Builder->hasTable()
#8 C:\\xampp\\htdocs\\dev_hub\\lrvl-be\\vendor\\laravel\\framework\\src\\Illuminate\\Database\\Migrations\\Migrator.php(742): Illuminate\\Database\\Migrations\\DatabaseMigrationRepository->repositoryExists()
#9 C:\\xampp\\htdocs\\dev_hub\\lrvl-be\\vendor\\laravel\\framework\\src\\Illuminate\\Database\\Console\\Migrations\\MigrateCommand.php(165): Illuminate\\Database\\Migrations\\Migrator->repositoryExists()
#10 C:\\xampp\\htdocs\\dev_hub\\lrvl-be\\vendor\\laravel\\framework\\src\\Illuminate\\Support\\helpers.php(338): Illuminate\\Database\\Console\\Migrations\\MigrateCommand->{closure:Illuminate\\Database\\Console\\Migrations\\MigrateCommand::repositoryExists():165}()
#11 C:\\xampp\\htdocs\\dev_hub\\lrvl-be\\vendor\\laravel\\framework\\src\\Illuminate\\Database\\Console\\Migrations\\MigrateCommand.php(165): retry()
#12 C:\\xampp\\htdocs\\dev_hub\\lrvl-be\\vendor\\laravel\\framework\\src\\Illuminate\\Database\\Console\\Migrations\\MigrateCommand.php(141): Illuminate\\Database\\Console\\Migrations\\MigrateCommand->repositoryExists()
#13 C:\\xampp\\htdocs\\dev_hub\\lrvl-be\\vendor\\laravel\\framework\\src\\Illuminate\\Database\\Console\\Migrations\\MigrateCommand.php(111): Illuminate\\Database\\Console\\Migrations\\MigrateCommand->prepareDatabase()
#14 C:\\xampp\\htdocs\\dev_hub\\lrvl-be\\vendor\\laravel\\framework\\src\\Illuminate\\Database\\Migrations\\Migrator.php(658): Illuminate\\Database\\Console\\Migrations\\MigrateCommand->{closure:Illuminate\\Database\\Console\\Migrations\\MigrateCommand::runMigrations():110}()
#15 C:\\xampp\\htdocs\\dev_hub\\lrvl-be\\vendor\\laravel\\framework\\src\\Illuminate\\Database\\Console\\Migrations\\MigrateCommand.php(110): Illuminate\\Database\\Migrations\\Migrator->usingConnection()
#16 C:\\xampp\\htdocs\\dev_hub\\lrvl-be\\vendor\\laravel\\framework\\src\\Illuminate\\Database\\Console\\Migrations\\MigrateCommand.php(89): Illuminate\\Database\\Console\\Migrations\\MigrateCommand->runMigrations()
#17 C:\\xampp\\htdocs\\dev_hub\\lrvl-be\\vendor\\laravel\\framework\\src\\Illuminate\\Container\\BoundMethod.php(36): Illuminate\\Database\\Console\\Migrations\\MigrateCommand->handle()
#18 C:\\xampp\\htdocs\\dev_hub\\lrvl-be\\vendor\\laravel\\framework\\src\\Illuminate\\Container\\Util.php(43): Illuminate\\Container\\BoundMethod::{closure:Illuminate\\Container\\BoundMethod::call():35}()
#19 C:\\xampp\\htdocs\\dev_hub\\lrvl-be\\vendor\\laravel\\framework\\src\\Illuminate\\Container\\BoundMethod.php(95): Illuminate\\Container\\Util::unwrapIfClosure()
#20 C:\\xampp\\htdocs\\dev_hub\\lrvl-be\\vendor\\laravel\\framework\\src\\Illuminate\\Container\\BoundMethod.php(35): Illuminate\\Container\\BoundMethod::callBoundMethod()
#21 C:\\xampp\\htdocs\\dev_hub\\lrvl-be\\vendor\\laravel\\framework\\src\\Illuminate\\Container\\Container.php(754): Illuminate\\Container\\BoundMethod::call()
#22 C:\\xampp\\htdocs\\dev_hub\\lrvl-be\\vendor\\laravel\\framework\\src\\Illuminate\\Console\\Command.php(213): Illuminate\\Container\\Container->call()
#23 C:\\xampp\\htdocs\\dev_hub\\lrvl-be\\vendor\\symfony\\console\\Command\\Command.php(279): Illuminate\\Console\\Command->execute()
#24 C:\\xampp\\htdocs\\dev_hub\\lrvl-be\\vendor\\laravel\\framework\\src\\Illuminate\\Console\\Command.php(182): Symfony\\Component\\Console\\Command\\Command->run()
#25 C:\\xampp\\htdocs\\dev_hub\\lrvl-be\\vendor\\symfony\\console\\Application.php(1094): Illuminate\\Console\\Command->run()
#26 C:\\xampp\\htdocs\\dev_hub\\lrvl-be\\vendor\\symfony\\console\\Application.php(342): Symfony\\Component\\Console\\Application->doRunCommand()
#27 C:\\xampp\\htdocs\\dev_hub\\lrvl-be\\vendor\\symfony\\console\\Application.php(193): Symfony\\Component\\Console\\Application->doRun()
#28 C:\\xampp\\htdocs\\dev_hub\\lrvl-be\\vendor\\laravel\\framework\\src\\Illuminate\\Foundation\\Console\\Kernel.php(198): Symfony\\Component\\Console\\Application->run()
#29 C:\\xampp\\htdocs\\dev_hub\\lrvl-be\\vendor\\laravel\\framework\\src\\Illuminate\\Foundation\\Application.php(1235): Illuminate\\Foundation\\Console\\Kernel->handle()
#30 C:\\xampp\\htdocs\\dev_hub\\lrvl-be\\artisan(16): Illuminate\\Foundation\\Application->handleCommand()
#31 {main}

[previous exception] [object] (PDOException(code: 2002): SQLSTATE[HY000] [2002] No connection could be made because the target machine actively refused it at C:\\xampp\\htdocs\\dev_hub\\lrvl-be\\vendor\\laravel\\framework\\src\\Illuminate\\Database\\Connectors\\Connector.php:67)
[stacktrace]
#0 C:\\xampp\\htdocs\\dev_hub\\lrvl-be\\vendor\\laravel\\framework\\src\\Illuminate\\Database\\Connectors\\Connector.php(67): PDO::connect()
#1 C:\\xampp\\htdocs\\dev_hub\\lrvl-be\\vendor\\laravel\\framework\\src\\Illuminate\\Database\\Connectors\\Connector.php(85): Illuminate\\Database\\Connectors\\Connector->createPdoConnection()
#2 C:\\xampp\\htdocs\\dev_hub\\lrvl-be\\vendor\\laravel\\framework\\src\\Illuminate\\Database\\Connectors\\Connector.php(48): Illuminate\\Database\\Connectors\\Connector->tryAgainIfCausedByLostConnection()
#3 C:\\xampp\\htdocs\\dev_hub\\lrvl-be\\vendor\\laravel\\framework\\src\\Illuminate\\Database\\Connectors\\MySqlConnector.php(24): Illuminate\\Database\\Connectors\\Connector->createConnection()
#4 C:\\xampp\\htdocs\\dev_hub\\lrvl-be\\vendor\\laravel\\framework\\src\\Illuminate\\Database\\Connectors\\ConnectionFactory.php(185): Illuminate\\Database\\Connectors\\MySqlConnector->connect()
#5 [internal function]: Illuminate\\Database\\Connectors\\ConnectionFactory->{closure:Illuminate\\Database\\Connectors\\ConnectionFactory::createPdoResolverWithHosts():180}()
#6 C:\\xampp\\htdocs\\dev_hub\\lrvl-be\\vendor\\laravel\\framework\\src\\Illuminate\\Database\\Connection.php(1229): call_user_func()
#7 C:\\xampp\\htdocs\\dev_hub\\lrvl-be\\vendor\\laravel\\framework\\src\\Illuminate\\Database\\Connection.php(1265): Illuminate\\Database\\Connection->getPdo()
#8 C:\\xampp\\htdocs\\dev_hub\\lrvl-be\\vendor\\laravel\\framework\\src\\Illuminate\\Database\\Connection.php(510): Illuminate\\Database\\Connection->getReadPdo()
#9 C:\\xampp\\htdocs\\dev_hub\\lrvl-be\\vendor\\laravel\\framework\\src\\Illuminate\\Database\\Connection.php(405): Illuminate\\Database\\Connection->getPdoForSelect()
#10 C:\\xampp\\htdocs\\dev_hub\\lrvl-be\\vendor\\laravel\\framework\\src\\Illuminate\\Database\\Connection.php(810): Illuminate\\Database\\Connection->{closure:Illuminate\\Database\\Connection::select():396}()
#11 C:\\xampp\\htdocs\\dev_hub\\lrvl-be\\vendor\\laravel\\framework\\src\\Illuminate\\Database\\Connection.php(977): Illuminate\\Database\\Connection->runQueryCallback()
#12 C:\\xampp\\htdocs\\dev_hub\\lrvl-be\\vendor\\laravel\\framework\\src\\Illuminate\\Database\\Connection.php(956): Illuminate\\Database\\Connection->tryAgainIfCausedByLostConnection()
#13 C:\\xampp\\htdocs\\dev_hub\\lrvl-be\\vendor\\laravel\\framework\\src\\Illuminate\\Database\\Connection.php(779): Illuminate\\Database\\Connection->handleQueryException()
#14 C:\\xampp\\htdocs\\dev_hub\\lrvl-be\\vendor\\laravel\\framework\\src\\Illuminate\\Database\\Connection.php(396): Illuminate\\Database\\Connection->run()
#15 C:\\xampp\\htdocs\\dev_hub\\lrvl-be\\vendor\\laravel\\framework\\src\\Illuminate\\Database\\Connection.php(342): Illuminate\\Database\\Connection->select()
#16 C:\\xampp\\htdocs\\dev_hub\\lrvl-be\\vendor\\laravel\\framework\\src\\Illuminate\\Database\\Connection.php(359): Illuminate\\Database\\Connection->selectOne()
#17 C:\\xampp\\htdocs\\dev_hub\\lrvl-be\\vendor\\laravel\\framework\\src\\Illuminate\\Database\\Schema\\Builder.php(175): Illuminate\\Database\\Connection->scalar()
#18 C:\\xampp\\htdocs\\dev_hub\\lrvl-be\\vendor\\laravel\\framework\\src\\Illuminate\\Database\\Migrations\\DatabaseMigrationRepository.php(184): Illuminate\\Database\\Schema\\Builder->hasTable()
#19 C:\\xampp\\htdocs\\dev_hub\\lrvl-be\\vendor\\laravel\\framework\\src\\Illuminate\\Database\\Migrations\\Migrator.php(742): Illuminate\\Database\\Migrations\\DatabaseMigrationRepository->repositoryExists()
#20 C:\\xampp\\htdocs\\dev_hub\\lrvl-be\\vendor\\laravel\\framework\\src\\Illuminate\\Database\\Console\\Migrations\\MigrateCommand.php(165): Illuminate\\Database\\Migrations\\Migrator->repositoryExists()
#21 C:\\xampp\\htdocs\\dev_hub\\lrvl-be\\vendor\\laravel\\framework\\src\\Illuminate\\Support\\helpers.php(338): Illuminate\\Database\\Console\\Migrations\\MigrateCommand->{closure:Illuminate\\Database\\Console\\Migrations\\MigrateCommand::repositoryExists():165}()
#22 C:\\xampp\\htdocs\\dev_hub\\lrvl-be\\vendor\\laravel\\framework\\src\\Illuminate\\Database\\Console\\Migrations\\MigrateCommand.php(165): retry()
#23 C:\\xampp\\htdocs\\dev_hub\\lrvl-be\\vendor\\laravel\\framework\\src\\Illuminate\\Database\\Console\\Migrations\\MigrateCommand.php(141): Illuminate\\Database\\Console\\Migrations\\MigrateCommand->repositoryExists()
#24 C:\\xampp\\htdocs\\dev_hub\\lrvl-be\\vendor\\laravel\\framework\\src\\Illuminate\\Database\\Console\\Migrations\\MigrateCommand.php(111): Illuminate\\Database\\Console\\Migrations\\MigrateCommand->prepareDatabase()
#25 C:\\xampp\\htdocs\\dev_hub\\lrvl-be\\vendor\\laravel\\framework\\src\\Illuminate\\Database\\Migrations\\Migrator.php(658): Illuminate\\Database\\Console\\Migrations\\MigrateCommand->{closure:Illuminate\\Database\\Console\\Migrations\\MigrateCommand::runMigrations():110}()
#26 C:\\xampp\\htdocs\\dev_hub\\lrvl-be\\vendor\\laravel\\framework\\src\\Illuminate\\Database\\Console\\Migrations\\MigrateCommand.php(110): Illuminate\\Database\\Migrations\\Migrator->usingConnection()
#27 C:\\xampp\\htdocs\\dev_hub\\lrvl-be\\vendor\\laravel\\framework\\src\\Illuminate\\Database\\Console\\Migrations\\MigrateCommand.php(89): Illuminate\\Database\\Console\\Migrations\\MigrateCommand->runMigrations()
#28 C:\\xampp\\htdocs\\dev_hub\\lrvl-be\\vendor\\laravel\\framework\\src\\Illuminate\\Container\\BoundMethod.php(36): Illuminate\\Database\\Console\\Migrations\\MigrateCommand->handle()
#29 C:\\xampp\\htdocs\\dev_hub\\lrvl-be\\vendor\\laravel\\framework\\src\\Illuminate\\Container\\Util.php(43): Illuminate\\Container\\BoundMethod::{closure:Illuminate\\Container\\BoundMethod::call():35}()
#30 C:\\xampp\\htdocs\\dev_hub\\lrvl-be\\vendor\\laravel\\framework\\src\\Illuminate\\Container\\BoundMethod.php(95): Illuminate\\Container\\Util::unwrapIfClosure()
#31 C:\\xampp\\htdocs\\dev_hub\\lrvl-be\\vendor\\laravel\\framework\\src\\Illuminate\\Container\\BoundMethod.php(35): Illuminate\\Container\\BoundMethod::callBoundMethod()
#32 C:\\xampp\\htdocs\\dev_hub\\lrvl-be\\vendor\\laravel\\framework\\src\\Illuminate\\Container\\Container.php(754): Illuminate\\Container\\BoundMethod::call()
#33 C:\\xampp\\htdocs\\dev_hub\\lrvl-be\\vendor\\laravel\\framework\\src\\Illuminate\\Console\\Command.php(213): Illuminate\\Container\\Container->call()
#34 C:\\xampp\\htdocs\\dev_hub\\lrvl-be\\vendor\\symfony\\console\\Command\\Command.php(279): Illuminate\\Console\\Command->execute()
#35 C:\\xampp\\htdocs\\dev_hub\\lrvl-be\\vendor\\laravel\\framework\\src\\Illuminate\\Console\\Command.php(182): Symfony\\Component\\Console\\Command\\Command->run()
#36 C:\\xampp\\htdocs\\dev_hub\\lrvl-be\\vendor\\symfony\\console\\Application.php(1094): Illuminate\\Console\\Command->run()
#37 C:\\xampp\\htdocs\\dev_hub\\lrvl-be\\vendor\\symfony\\console\\Application.php(342): Symfony\\Component\\Console\\Application->doRunCommand()
#38 C:\\xampp\\htdocs\\dev_hub\\lrvl-be\\vendor\\symfony\\console\\Application.php(193): Symfony\\Component\\Console\\Application->doRun()
#39 C:\\xampp\\htdocs\\dev_hub\\lrvl-be\\vendor\\laravel\\framework\\src\\Illuminate\\Foundation\\Console\\Kernel.php(198): Symfony\\Component\\Console\\Application->run()
#40 C:\\xampp\\htdocs\\dev_hub\\lrvl-be\\vendor\\laravel\\framework\\src\\Illuminate\\Foundation\\Application.php(1235): Illuminate\\Foundation\\Console\\Kernel->handle()
#41 C:\\xampp\\htdocs\\dev_hub\\lrvl-be\\artisan(16): Illuminate\\Foundation\\Application->handleCommand()
#42 {main}
"} 
[2025-03-08 03:06:22] local.ERROR: SQLSTATE[HY000] [2002] No connection could be made because the target machine actively refused it (Connection: mysql, SQL: select exists (select 1 from information_schema.tables where table_schema = schema() and table_name = 'migrations' and table_type in ('BASE TABLE', 'SYSTEM VERSIONED')) as `exists`) {"exception":"[object] (Illuminate\\Database\\QueryException(code: 2002): SQLSTATE[HY000] [2002] No connection could be made because the target machine actively refused it (Connection: mysql, SQL: select exists (select 1 from information_schema.tables where table_schema = schema() and table_name = 'migrations' and table_type in ('BASE TABLE', 'SYSTEM VERSIONED')) as `exists`) at C:\\xampp\\htdocs\\dev_hub\\lrvl-be\\vendor\\laravel\\framework\\src\\Illuminate\\Database\\Connection.php:823)
[stacktrace]
#0 C:\\xampp\\htdocs\\dev_hub\\lrvl-be\\vendor\\laravel\\framework\\src\\Illuminate\\Database\\Connection.php(977): Illuminate\\Database\\Connection->runQueryCallback()
#1 C:\\xampp\\htdocs\\dev_hub\\lrvl-be\\vendor\\laravel\\framework\\src\\Illuminate\\Database\\Connection.php(956): Illuminate\\Database\\Connection->tryAgainIfCausedByLostConnection()
#2 C:\\xampp\\htdocs\\dev_hub\\lrvl-be\\vendor\\laravel\\framework\\src\\Illuminate\\Database\\Connection.php(779): Illuminate\\Database\\Connection->handleQueryException()
#3 C:\\xampp\\htdocs\\dev_hub\\lrvl-be\\vendor\\laravel\\framework\\src\\Illuminate\\Database\\Connection.php(396): Illuminate\\Database\\Connection->run()
#4 C:\\xampp\\htdocs\\dev_hub\\lrvl-be\\vendor\\laravel\\framework\\src\\Illuminate\\Database\\Connection.php(342): Illuminate\\Database\\Connection->select()
#5 C:\\xampp\\htdocs\\dev_hub\\lrvl-be\\vendor\\laravel\\framework\\src\\Illuminate\\Database\\Connection.php(359): Illuminate\\Database\\Connection->selectOne()
#6 C:\\xampp\\htdocs\\dev_hub\\lrvl-be\\vendor\\laravel\\framework\\src\\Illuminate\\Database\\Schema\\Builder.php(175): Illuminate\\Database\\Connection->scalar()
#7 C:\\xampp\\htdocs\\dev_hub\\lrvl-be\\vendor\\laravel\\framework\\src\\Illuminate\\Database\\Migrations\\DatabaseMigrationRepository.php(184): Illuminate\\Database\\Schema\\Builder->hasTable()
#8 C:\\xampp\\htdocs\\dev_hub\\lrvl-be\\vendor\\laravel\\framework\\src\\Illuminate\\Database\\Migrations\\Migrator.php(742): Illuminate\\Database\\Migrations\\DatabaseMigrationRepository->repositoryExists()
#9 C:\\xampp\\htdocs\\dev_hub\\lrvl-be\\vendor\\laravel\\framework\\src\\Illuminate\\Database\\Console\\Migrations\\MigrateCommand.php(165): Illuminate\\Database\\Migrations\\Migrator->repositoryExists()
#10 C:\\xampp\\htdocs\\dev_hub\\lrvl-be\\vendor\\laravel\\framework\\src\\Illuminate\\Support\\helpers.php(338): Illuminate\\Database\\Console\\Migrations\\MigrateCommand->{closure:Illuminate\\Database\\Console\\Migrations\\MigrateCommand::repositoryExists():165}()
#11 C:\\xampp\\htdocs\\dev_hub\\lrvl-be\\vendor\\laravel\\framework\\src\\Illuminate\\Database\\Console\\Migrations\\MigrateCommand.php(165): retry()
#12 C:\\xampp\\htdocs\\dev_hub\\lrvl-be\\vendor\\laravel\\framework\\src\\Illuminate\\Database\\Console\\Migrations\\MigrateCommand.php(141): Illuminate\\Database\\Console\\Migrations\\MigrateCommand->repositoryExists()
#13 C:\\xampp\\htdocs\\dev_hub\\lrvl-be\\vendor\\laravel\\framework\\src\\Illuminate\\Database\\Console\\Migrations\\MigrateCommand.php(111): Illuminate\\Database\\Console\\Migrations\\MigrateCommand->prepareDatabase()
#14 C:\\xampp\\htdocs\\dev_hub\\lrvl-be\\vendor\\laravel\\framework\\src\\Illuminate\\Database\\Migrations\\Migrator.php(658): Illuminate\\Database\\Console\\Migrations\\MigrateCommand->{closure:Illuminate\\Database\\Console\\Migrations\\MigrateCommand::runMigrations():110}()
#15 C:\\xampp\\htdocs\\dev_hub\\lrvl-be\\vendor\\laravel\\framework\\src\\Illuminate\\Database\\Console\\Migrations\\MigrateCommand.php(110): Illuminate\\Database\\Migrations\\Migrator->usingConnection()
#16 C:\\xampp\\htdocs\\dev_hub\\lrvl-be\\vendor\\laravel\\framework\\src\\Illuminate\\Database\\Console\\Migrations\\MigrateCommand.php(89): Illuminate\\Database\\Console\\Migrations\\MigrateCommand->runMigrations()
#17 C:\\xampp\\htdocs\\dev_hub\\lrvl-be\\vendor\\laravel\\framework\\src\\Illuminate\\Container\\BoundMethod.php(36): Illuminate\\Database\\Console\\Migrations\\MigrateCommand->handle()
#18 C:\\xampp\\htdocs\\dev_hub\\lrvl-be\\vendor\\laravel\\framework\\src\\Illuminate\\Container\\Util.php(43): Illuminate\\Container\\BoundMethod::{closure:Illuminate\\Container\\BoundMethod::call():35}()
#19 C:\\xampp\\htdocs\\dev_hub\\lrvl-be\\vendor\\laravel\\framework\\src\\Illuminate\\Container\\BoundMethod.php(95): Illuminate\\Container\\Util::unwrapIfClosure()
#20 C:\\xampp\\htdocs\\dev_hub\\lrvl-be\\vendor\\laravel\\framework\\src\\Illuminate\\Container\\BoundMethod.php(35): Illuminate\\Container\\BoundMethod::callBoundMethod()
#21 C:\\xampp\\htdocs\\dev_hub\\lrvl-be\\vendor\\laravel\\framework\\src\\Illuminate\\Container\\Container.php(754): Illuminate\\Container\\BoundMethod::call()
#22 C:\\xampp\\htdocs\\dev_hub\\lrvl-be\\vendor\\laravel\\framework\\src\\Illuminate\\Console\\Command.php(213): Illuminate\\Container\\Container->call()
#23 C:\\xampp\\htdocs\\dev_hub\\lrvl-be\\vendor\\symfony\\console\\Command\\Command.php(279): Illuminate\\Console\\Command->execute()
#24 C:\\xampp\\htdocs\\dev_hub\\lrvl-be\\vendor\\laravel\\framework\\src\\Illuminate\\Console\\Command.php(182): Symfony\\Component\\Console\\Command\\Command->run()
#25 C:\\xampp\\htdocs\\dev_hub\\lrvl-be\\vendor\\symfony\\console\\Application.php(1094): Illuminate\\Console\\Command->run()
#26 C:\\xampp\\htdocs\\dev_hub\\lrvl-be\\vendor\\symfony\\console\\Application.php(342): Symfony\\Component\\Console\\Application->doRunCommand()
#27 C:\\xampp\\htdocs\\dev_hub\\lrvl-be\\vendor\\symfony\\console\\Application.php(193): Symfony\\Component\\Console\\Application->doRun()
#28 C:\\xampp\\htdocs\\dev_hub\\lrvl-be\\vendor\\laravel\\framework\\src\\Illuminate\\Foundation\\Console\\Kernel.php(198): Symfony\\Component\\Console\\Application->run()
#29 C:\\xampp\\htdocs\\dev_hub\\lrvl-be\\vendor\\laravel\\framework\\src\\Illuminate\\Foundation\\Application.php(1235): Illuminate\\Foundation\\Console\\Kernel->handle()
#30 C:\\xampp\\htdocs\\dev_hub\\lrvl-be\\artisan(16): Illuminate\\Foundation\\Application->handleCommand()
#31 {main}

[previous exception] [object] (PDOException(code: 2002): SQLSTATE[HY000] [2002] No connection could be made because the target machine actively refused it at C:\\xampp\\htdocs\\dev_hub\\lrvl-be\\vendor\\laravel\\framework\\src\\Illuminate\\Database\\Connectors\\Connector.php:67)
[stacktrace]
#0 C:\\xampp\\htdocs\\dev_hub\\lrvl-be\\vendor\\laravel\\framework\\src\\Illuminate\\Database\\Connectors\\Connector.php(67): PDO::connect()
#1 C:\\xampp\\htdocs\\dev_hub\\lrvl-be\\vendor\\laravel\\framework\\src\\Illuminate\\Database\\Connectors\\Connector.php(85): Illuminate\\Database\\Connectors\\Connector->createPdoConnection()
#2 C:\\xampp\\htdocs\\dev_hub\\lrvl-be\\vendor\\laravel\\framework\\src\\Illuminate\\Database\\Connectors\\Connector.php(48): Illuminate\\Database\\Connectors\\Connector->tryAgainIfCausedByLostConnection()
#3 C:\\xampp\\htdocs\\dev_hub\\lrvl-be\\vendor\\laravel\\framework\\src\\Illuminate\\Database\\Connectors\\MySqlConnector.php(24): Illuminate\\Database\\Connectors\\Connector->createConnection()
#4 C:\\xampp\\htdocs\\dev_hub\\lrvl-be\\vendor\\laravel\\framework\\src\\Illuminate\\Database\\Connectors\\ConnectionFactory.php(185): Illuminate\\Database\\Connectors\\MySqlConnector->connect()
#5 [internal function]: Illuminate\\Database\\Connectors\\ConnectionFactory->{closure:Illuminate\\Database\\Connectors\\ConnectionFactory::createPdoResolverWithHosts():180}()
#6 C:\\xampp\\htdocs\\dev_hub\\lrvl-be\\vendor\\laravel\\framework\\src\\Illuminate\\Database\\Connection.php(1229): call_user_func()
#7 C:\\xampp\\htdocs\\dev_hub\\lrvl-be\\vendor\\laravel\\framework\\src\\Illuminate\\Database\\Connection.php(1265): Illuminate\\Database\\Connection->getPdo()
#8 C:\\xampp\\htdocs\\dev_hub\\lrvl-be\\vendor\\laravel\\framework\\src\\Illuminate\\Database\\Connection.php(510): Illuminate\\Database\\Connection->getReadPdo()
#9 C:\\xampp\\htdocs\\dev_hub\\lrvl-be\\vendor\\laravel\\framework\\src\\Illuminate\\Database\\Connection.php(405): Illuminate\\Database\\Connection->getPdoForSelect()
#10 C:\\xampp\\htdocs\\dev_hub\\lrvl-be\\vendor\\laravel\\framework\\src\\Illuminate\\Database\\Connection.php(810): Illuminate\\Database\\Connection->{closure:Illuminate\\Database\\Connection::select():396}()
#11 C:\\xampp\\htdocs\\dev_hub\\lrvl-be\\vendor\\laravel\\framework\\src\\Illuminate\\Database\\Connection.php(977): Illuminate\\Database\\Connection->runQueryCallback()
#12 C:\\xampp\\htdocs\\dev_hub\\lrvl-be\\vendor\\laravel\\framework\\src\\Illuminate\\Database\\Connection.php(956): Illuminate\\Database\\Connection->tryAgainIfCausedByLostConnection()
#13 C:\\xampp\\htdocs\\dev_hub\\lrvl-be\\vendor\\laravel\\framework\\src\\Illuminate\\Database\\Connection.php(779): Illuminate\\Database\\Connection->handleQueryException()
#14 C:\\xampp\\htdocs\\dev_hub\\lrvl-be\\vendor\\laravel\\framework\\src\\Illuminate\\Database\\Connection.php(396): Illuminate\\Database\\Connection->run()
#15 C:\\xampp\\htdocs\\dev_hub\\lrvl-be\\vendor\\laravel\\framework\\src\\Illuminate\\Database\\Connection.php(342): Illuminate\\Database\\Connection->select()
#16 C:\\xampp\\htdocs\\dev_hub\\lrvl-be\\vendor\\laravel\\framework\\src\\Illuminate\\Database\\Connection.php(359): Illuminate\\Database\\Connection->selectOne()
#17 C:\\xampp\\htdocs\\dev_hub\\lrvl-be\\vendor\\laravel\\framework\\src\\Illuminate\\Database\\Schema\\Builder.php(175): Illuminate\\Database\\Connection->scalar()
#18 C:\\xampp\\htdocs\\dev_hub\\lrvl-be\\vendor\\laravel\\framework\\src\\Illuminate\\Database\\Migrations\\DatabaseMigrationRepository.php(184): Illuminate\\Database\\Schema\\Builder->hasTable()
#19 C:\\xampp\\htdocs\\dev_hub\\lrvl-be\\vendor\\laravel\\framework\\src\\Illuminate\\Database\\Migrations\\Migrator.php(742): Illuminate\\Database\\Migrations\\DatabaseMigrationRepository->repositoryExists()
#20 C:\\xampp\\htdocs\\dev_hub\\lrvl-be\\vendor\\laravel\\framework\\src\\Illuminate\\Database\\Console\\Migrations\\MigrateCommand.php(165): Illuminate\\Database\\Migrations\\Migrator->repositoryExists()
#21 C:\\xampp\\htdocs\\dev_hub\\lrvl-be\\vendor\\laravel\\framework\\src\\Illuminate\\Support\\helpers.php(338): Illuminate\\Database\\Console\\Migrations\\MigrateCommand->{closure:Illuminate\\Database\\Console\\Migrations\\MigrateCommand::repositoryExists():165}()
#22 C:\\xampp\\htdocs\\dev_hub\\lrvl-be\\vendor\\laravel\\framework\\src\\Illuminate\\Database\\Console\\Migrations\\MigrateCommand.php(165): retry()
#23 C:\\xampp\\htdocs\\dev_hub\\lrvl-be\\vendor\\laravel\\framework\\src\\Illuminate\\Database\\Console\\Migrations\\MigrateCommand.php(141): Illuminate\\Database\\Console\\Migrations\\MigrateCommand->repositoryExists()
#24 C:\\xampp\\htdocs\\dev_hub\\lrvl-be\\vendor\\laravel\\framework\\src\\Illuminate\\Database\\Console\\Migrations\\MigrateCommand.php(111): Illuminate\\Database\\Console\\Migrations\\MigrateCommand->prepareDatabase()
#25 C:\\xampp\\htdocs\\dev_hub\\lrvl-be\\vendor\\laravel\\framework\\src\\Illuminate\\Database\\Migrations\\Migrator.php(658): Illuminate\\Database\\Console\\Migrations\\MigrateCommand->{closure:Illuminate\\Database\\Console\\Migrations\\MigrateCommand::runMigrations():110}()
#26 C:\\xampp\\htdocs\\dev_hub\\lrvl-be\\vendor\\laravel\\framework\\src\\Illuminate\\Database\\Console\\Migrations\\MigrateCommand.php(110): Illuminate\\Database\\Migrations\\Migrator->usingConnection()
#27 C:\\xampp\\htdocs\\dev_hub\\lrvl-be\\vendor\\laravel\\framework\\src\\Illuminate\\Database\\Console\\Migrations\\MigrateCommand.php(89): Illuminate\\Database\\Console\\Migrations\\MigrateCommand->runMigrations()
#28 C:\\xampp\\htdocs\\dev_hub\\lrvl-be\\vendor\\laravel\\framework\\src\\Illuminate\\Container\\BoundMethod.php(36): Illuminate\\Database\\Console\\Migrations\\MigrateCommand->handle()
#29 C:\\xampp\\htdocs\\dev_hub\\lrvl-be\\vendor\\laravel\\framework\\src\\Illuminate\\Container\\Util.php(43): Illuminate\\Container\\BoundMethod::{closure:Illuminate\\Container\\BoundMethod::call():35}()
#30 C:\\xampp\\htdocs\\dev_hub\\lrvl-be\\vendor\\laravel\\framework\\src\\Illuminate\\Container\\BoundMethod.php(95): Illuminate\\Container\\Util::unwrapIfClosure()
#31 C:\\xampp\\htdocs\\dev_hub\\lrvl-be\\vendor\\laravel\\framework\\src\\Illuminate\\Container\\BoundMethod.php(35): Illuminate\\Container\\BoundMethod::callBoundMethod()
#32 C:\\xampp\\htdocs\\dev_hub\\lrvl-be\\vendor\\laravel\\framework\\src\\Illuminate\\Container\\Container.php(754): Illuminate\\Container\\BoundMethod::call()
#33 C:\\xampp\\htdocs\\dev_hub\\lrvl-be\\vendor\\laravel\\framework\\src\\Illuminate\\Console\\Command.php(213): Illuminate\\Container\\Container->call()
#34 C:\\xampp\\htdocs\\dev_hub\\lrvl-be\\vendor\\symfony\\console\\Command\\Command.php(279): Illuminate\\Console\\Command->execute()
#35 C:\\xampp\\htdocs\\dev_hub\\lrvl-be\\vendor\\laravel\\framework\\src\\Illuminate\\Console\\Command.php(182): Symfony\\Component\\Console\\Command\\Command->run()
#36 C:\\xampp\\htdocs\\dev_hub\\lrvl-be\\vendor\\symfony\\console\\Application.php(1094): Illuminate\\Console\\Command->run()
#37 C:\\xampp\\htdocs\\dev_hub\\lrvl-be\\vendor\\symfony\\console\\Application.php(342): Symfony\\Component\\Console\\Application->doRunCommand()
#38 C:\\xampp\\htdocs\\dev_hub\\lrvl-be\\vendor\\symfony\\console\\Application.php(193): Symfony\\Component\\Console\\Application->doRun()
#39 C:\\xampp\\htdocs\\dev_hub\\lrvl-be\\vendor\\laravel\\framework\\src\\Illuminate\\Foundation\\Console\\Kernel.php(198): Symfony\\Component\\Console\\Application->run()
#40 C:\\xampp\\htdocs\\dev_hub\\lrvl-be\\vendor\\laravel\\framework\\src\\Illuminate\\Foundation\\Application.php(1235): Illuminate\\Foundation\\Console\\Kernel->handle()
#41 C:\\xampp\\htdocs\\dev_hub\\lrvl-be\\artisan(16): Illuminate\\Foundation\\Application->handleCommand()
#42 {main}
"} 
